exitapp
gosub
goto
ifequal
ifexist
ifgreater
ifgreaterorequal
ifinstring
ifless
iflessorequal
ifmsgbox
ifnotequal
ifnotexist
ifnotinstring
ifwinactive
ifwinexist
ifwinnotactive
ifwinnotexist
onexit
setbatchlines
settimer
sleep
suspend
static
global
local
byref
autotrim
blockinput
clipwait
click
control
controlclick
controlfocus
controlget
controlgetfocus
controlgetpos
controlgettext
controlmove
controlsend
controlsendraw
controlsettext
coordmode
critical
detecthiddentext
detecthiddenwindows
driveget
drivespacefree
endrepeat
envadd
envdiv
envget
envmult
envset
envsub
envupdate
fileappend
filecopy
filecopydir
filecreatedir
filecreateshortcut
filedelete
filegetattrib
filegetshortcut
filegetsize
filegettime
filegetversion
fileinstall
filemove
filemovedir
fileread
filereadline
filerecycle
filerecycleempty
fileremovedir
fileselectfile
fileselectfolder
filesetattrib
filesettime
formattime
getkeystate
groupactivate
groupadd
groupclose
groupdeactivate
gui
guicontrol
guicontrolget
hideautoitwin
hotkey
imagesearch
inidelete
iniread
iniwrite
input
inputbox
keyhistory
keywait
listhotkeys
listlines
listvars
menu
mouseclick
mouseclickdrag
mousegetpos
mousemove
msgbox
numget
numset
outputdebug
pixelgetcolor
pixelsearch
postmessage
process
progress
random
regdelete
registercallback
regread
regwrite
reload
run
runas
runwait
send
sendevent
sendinput
sendmessage
sendmode
sendplay
sendraw
setcapslockstate
setcontroldelay
setdefaultmousespeed
setenv
setformat
setkeydelay
setmousedelay
setnumlockstate
setscrolllockstate
setstorecapslockmode
settitlematchmode
setwindelay
setworkingdir
shutdown
sort
soundbeep
soundget
soundgetwavevolume
soundplay
soundset
soundsetwavevolume
splashimage
splashtextoff
splashtexton
splitpath
statusbargettext
statusbarwait
stringcasesense
stringgetpos
stringleft
stringlen
stringlower
stringmid
stringreplace
stringright
stringsplit
stringtrimleft
stringtrimright
stringupper
sysget
thread
tooltip
transform
traytip
urldownloadtofile
winactivate
winactivatebottom
winclose
winget
wingetactivestats
wingetactivetitle
wingetclass
wingetpos
wingettext
wingettitle
winhide
winkill
winmaximize
winmenuselectitem
winminimize
winminimizeall
winminimizeallundo
winmove
winrestore
winset
winsettitle
winshow
winwait
winwaitactive
winwaitclose
winwaitnotactive
abs
acos
asc
asin
atan
ceil
chr
cos
dllcall
exp
fileexist
floor
il_add
il_create
il_destroy
instr
islabel
ln
log
lv_add
lv_delete
lv_deletecol
lv_getcount
lv_getnext
lv_gettext
lv_insert
lv_insertcol
lv_modify
lv_modifycol
lv_setimagelist
mod
onmessage
round
regexmatch
regexreplace
sb_seticon
sb_setparts
sb_settext
sin
sqrt
strlen
substr
tan
tv_add
tv_delete
tv_getchild
tv_getcount
tv_getnext
tv_get
tv_getparent
tv_getprev
tv_getselection
tv_gettext
tv_modify
varsetcapacity
winactive
winexist
allowsamelinecomments
clipboardtimeout
commentflag
errorstdout
escapechar
hotkeyinterval
hotkeymodifiertimeout
hotstring
include
includeagain
installkeybdhook
installmousehook
maxhotkeysperinterval
maxmem
maxthreads
maxthreadsbuffer
maxthreadsperhotkey
noenv
notrayicon
singleinstance
usehook
winactivateforce
shift
lshift
rshift
alt
lalt
ralt
lcontrol
rcontrol
ctrl
lctrl
rctrl
lwin
rwin
appskey
altdown
altup
shiftdown
shiftup
ctrldown
ctrlup
lwindown
lwinup
rwindown
rwinup
lbutton
rbutton
mbutton
wheelup
wheeldown
xbutton1
xbutton2
joy1
joy2
joy3
joy4
joy5
joy6
joy7
joy8
joy9
joy10
joy11
joy12
joy13
joy14
joy15
joy16
joy17
joy18
joy19
joy20
joy21
joy22
joy23
joy24
joy25
joy26
joy27
joy28
joy29
joy30
joy31
joy32
joyx
joyy
joyz
joyr
joyu
joyv
joypov
joyname
joybuttons
joyaxes
joyinfo
space
tab
enter
escape
backspace
delete
insert
pgup
pgdn
printscreen
ctrlbreak
scrolllock
capslock
numlock
numpad0
numpad1
numpad2
numpad3
numpad4
numpad5
numpad6
numpad7
numpad8
numpad9
numpadmult
numpadadd
numpadsub
numpaddiv
numpaddot
numpaddel
numpadins
numpadclear
numpadup
numpaddown
numpadleft
numpadright
numpadhome
numpadend
numpadpgup
numpadpgdn
numpadenter
f1
f2
f3
f4
f5
f6
f7
f8
f9
f10
f11
f12
f13
f14
f15
f16
f17
f18
f19
f20
f21
f22
f23
f24
browser_back
browser_forward
browser_refresh
browser_stop
browser_search
browser_favorites
browser_home
volume_mute
volume_down
volume_up
media_next
media_prev
media_stop
media_play_pause
launch_mail
launch_media
launch_app1
launch_app2
a_ahkpath
a_ahkversion
a_appdata
a_appdatacommon
a_autotrim
a_batchlines
a_caretx
a_carety
a_computername
a_controldelay
a_cursor
a_dd
a_ddd
a_dddd
a_defaultmousespeed
a_desktop
a_desktopcommon
a_detecthiddentext
a_detecthiddenwindows
a_endchar
a_eventinfo
a_exitreason
a_formatfloat
a_formatinteger
a_gui
a_guievent
a_guicontrol
a_guicontrolevent
a_guiheight
a_guiwidth
a_guix
a_guiy
a_hour
a_iconfile
a_iconhidden
a_iconnumber
a_icontip
a_index
a_ipaddress1
a_ipaddress2
a_ipaddress3
a_ipaddress4
a_isadmin
a_iscompiled
a_issuspended
a_keydelay
a_language
a_lasterror
a_linefile
a_linenumber
a_loopfield
a_loopfileattrib
a_loopfiledir
a_loopfileext
a_loopfilefullpath
a_loopfilelongpath
a_loopfilename
a_loopfileshortname
a_loopfileshortpath
a_loopfilesize
a_loopfilesizekb
a_loopfilesizemb
a_loopfiletimeaccessed
a_loopfiletimecreated
a_loopfiletimemodified
a_loopreadline
a_loopregkey
a_loopregname
a_loopregsubkey
a_loopregtimemodified
a_loopregtype
a_mday
a_min
a_mm
a_mmm
a_mmmm
a_mon
a_mousedelay
a_msec
a_mydocuments
a_now
a_nowutc
a_numbatchlines
a_ostype
a_osversion
a_priorhotkey
a_programfiles
a_programs
a_programscommon
a_screenheight
a_screenwidth
a_scriptdir
a_scriptfullpath
a_scriptname
a_sec
a_space
a_startmenu
a_startmenucommon
a_startup
a_startupcommon
a_stringcasesense
a_tab
a_temp
a_thisfunc
a_thishotkey
a_thislabel
a_thismenu
a_thismenuitem
a_thismenuitempos
a_tickcount
a_timeidle
a_timeidlephysical
a_timesincepriorhotkey
a_timesincethishotkey
a_titlematchmode
a_titlematchmodespeed
a_username
a_wday
a_windelay
a_windir
a_workingdir
a_yday
a_year
a_yweek
a_yyyy
clipboard
clipboardall
comspec
errorlevel
programfiles
true
false
ltrim
rtrim
ahk_id
ahk_pid
ahk_class
ahk_group
processname
minmax
controllist
statuscd
filesystem
setlabel
alwaysontop
mainwindow
nomainwindow
useerrorlevel
altsubmit
hscroll
vscroll
imagelist
wantctrla
wantf2
visfirst
wantreturn
backgroundtrans
minimizebox
maximizebox
sysmenu
toolwindow
exstyle
check3
checkedgray
readonly
notab
lastfound
lastfoundexist
alttab
shiftalttab
alttabmenu
alttabandmenu
alttabmenudismiss
controllisthwnd
hwnd
deref
pow
bitnot
bitand
bitor
bitxor
bitshiftleft
bitshiftright
sendandmouse
mousemouveoff
hkey_local_machine
hkey_users
hkey_current_user
hkey_classes_root
hkey_current_config
hklm
hku
hkcu
hkcr
hkcc
reg_sz
reg_expand_sz
reg_multi_sz
reg_dword
reg_qword
reg_binary
reg_link
reg_resource_list
reg_full_resource_descriptor
reg_resource_requirements_list
reg_dword_big_endian
regex
rgb
belownormal
abovenormal
xdigit
alpha
upper
lower
alnum
topmost
transparent
transcolor
redraw
idlast
togglecheck
toggleenable
nodefault
nostandard
deleteall
noicon
groupbox
button
checkbox
dropdownlist
ddl
combobox
statusbar
treeview
listbox
listview
datetime
monthcal
updown
iconsmall
sortdesc
nosort
nosorthdr
hdr
autosize
range
font
resize
owner
submit
nohide
minimize
maximize
restore
noactivate
na
cancel
destroy
center
margin
owndialogs
guiescape
guiclose
guisize
guicontextmenu
guidropfiles
tabstop
section
wrap
border
top
bottom
buttons
expand
first
lines
number
uppercase
lowercase
limit
password
multi
group
background
bold
italic
strike
underline
norm
theme
caption
delimiter
flash
style
checked
password
hidden
center
section
move
focus
hide
choose
choosestring
text
pos
enabled
disabled
visible
notimers
interrupt
priority
waitclose
OnClipboardChange
OnGUIClose
OnGUIEscape
OnGUICancel